C51 COMPILER V9.60.7.0   DS1307                                                            05/08/2025 19:04:29 PAGE 1   


C51 COMPILER V9.60.7.0, COMPILATION OF MODULE DS1307
OBJECT MODULE PLACED IN .\Objects\ds1307.obj
COMPILER INVOKED BY: C:\Keil_v5\C51\BIN\C51.EXE ds1307.c OPTIMIZE(8,SPEED) BROWSE DEBUG OBJECTEXTEND PRINT(.\Listings\ds
                    -1307.lst) TABS(2) OBJECT(.\Objects\ds1307.obj)

line level    source

   1          #include<reg51.h>
   2          #include "i2c.h"
   3          #define DS1307 0xD0
   4          
   5          
   6          void ds1307init()
   7          {
   8   1        start();
   9   1        write(DS1307);clock();
  10   1        write(0x00);clock();
  11   1        stop();
  12   1      }
  13          
  14          void gettime(unsigned char *ss,unsigned char *mm,unsigned char *hh)
  15          {
  16   1        start();
  17   1        write(DS1307);clock();
  18   1        write(0x00);clock();
  19   1        stop();
  20   1        
  21   1        start();
  22   1        write(0xD1);clock();
  23   1        *ss = read();ack();
  24   1        *mm = read();ack();
  25   1        *hh = read();nack();
  26   1        stop();
  27   1      }
  28          
  29          void getdate(unsigned char *dd,unsigned char *mm, unsigned char *yy)
  30          {
  31   1        start();
  32   1        write(DS1307);clock();
  33   1        write(0x04);clock();
  34   1        stop();
  35   1        
  36   1        start();
  37   1        write(0xD1);clock();
  38   1        *dd = read();ack();
  39   1        *mm =read();ack();
  40   1        *yy =read();nack();
  41   1        stop();
  42   1      }


MODULE INFORMATION:   STATIC OVERLAYABLE
   CODE SIZE        =    202    ----
   CONSTANT SIZE    =   ----    ----
   XDATA SIZE       =   ----    ----
   PDATA SIZE       =   ----    ----
   DATA SIZE        =   ----      18
   IDATA SIZE       =   ----    ----
   BIT SIZE         =   ----    ----
END OF MODULE INFORMATION.


C51 COMPILATION COMPLETE.  0 WARNING(S),  0 ERROR(S)
