C51 COMPILER V9.60.7.0   I2C                                                               05/08/2025 19:04:28 PAGE 1   


C51 COMPILER V9.60.7.0, COMPILATION OF MODULE I2C
OBJECT MODULE PLACED IN .\Objects\i2c.obj
COMPILER INVOKED BY: C:\Keil_v5\C51\BIN\C51.EXE i2c.c OPTIMIZE(8,SPEED) BROWSE DEBUG OBJECTEXTEND PRINT(.\Listings\i2c.l
                    -st) TABS(2) OBJECT(.\Objects\i2c.obj)

line level    source

   1          #include<reg51.h>
   2          #include "delay.h"
   3          
   4          sbit sda = P1^0;
   5          sbit scl = P1^1;
   6          
   7          void start()
   8          {
   9   1        sda = 1;
  10   1        scl = 1;
  11   1        delay(50);
  12   1        sda=0;
  13   1        delay(50);
  14   1        scl=0;
  15   1      }
  16          
  17          void stop()
  18          {
  19   1        scl=0;
  20   1        sda=0;
  21   1        delay(50);
  22   1        scl=1;
  23   1        delay(50);
  24   1        sda=1;
  25   1      }
  26          
  27          void clock()
  28          {
  29   1        delay(50);
  30   1        scl =1;
  31   1        delay(50);
  32   1        scl=0;
  33   1      }
  34          
  35          
  36          void ack()
  37          {
  38   1        sda =0;
  39   1        clock();
  40   1        //sda=1;
  41   1      }
  42          void nack()
  43          {
  44   1        sda = 1;
  45   1        clock();
  46   1        //scl=1;
  47   1      }
  48          
  49          
  50          void write(unsigned char ch)
  51          {
  52   1        unsigned int i; 
  53   1        for( i=0;i<8;i++)
  54   1        {
C51 COMPILER V9.60.7.0   I2C                                                               05/08/2025 19:04:28 PAGE 2   

  55   2          sda = ch & 0x80;
  56   2          clock();
  57   2          ch = ch << 1;
  58   2        }
  59   1        sda = 1;
  60   1      }
  61          unsigned char read()
  62          {
  63   1        unsigned int i;
  64   1        unsigned char temp=0x00;
  65   1        sda=1;
  66   1        for(i=0;i<8;i++)
  67   1        {
  68   2          temp = temp << 1;
  69   2          temp =temp | sda;
  70   2          clock();
  71   2          
  72   2        }
  73   1        return temp;
  74   1      }


MODULE INFORMATION:   STATIC OVERLAYABLE
   CODE SIZE        =    160    ----
   CONSTANT SIZE    =   ----    ----
   XDATA SIZE       =   ----    ----
   PDATA SIZE       =   ----    ----
   DATA SIZE        =   ----       6
   IDATA SIZE       =   ----    ----
   BIT SIZE         =   ----    ----
END OF MODULE INFORMATION.


C51 COMPILATION COMPLETE.  0 WARNING(S),  0 ERROR(S)
