C51 COMPILER V9.60.7.0   MAIN                                                              05/08/2025 19:04:28 PAGE 1   


C51 COMPILER V9.60.7.0, COMPILATION OF MODULE MAIN
OBJECT MODULE PLACED IN .\Objects\main.obj
COMPILER INVOKED BY: C:\Keil_v5\C51\BIN\C51.EXE main.c OPTIMIZE(8,SPEED) BROWSE DEBUG OBJECTEXTEND PRINT(.\Listings\main
                    -.lst) TABS(2) OBJECT(.\Objects\main.obj)

line level    source

   1          #include<reg51.h>
   2          #include "lcd.h"
   3          #include "delay.h"
   4          #include "ds1307.h"
   5          
   6          void main()
   7          {
   8   1        
   9   1        unsigned char ss;
  10   1        unsigned char mm;
  11   1        unsigned char hh;
  12   1        unsigned char dd;
  13   1        unsigned char mon;
  14   1        unsigned char yy;
  15   1        init();
  16   1        ds1307init();
  17   1        
  18   1        while(1)
  19   1        {
  20   2          
  21   2          gettime(&ss,&mm,&hh);
  22   2          getdate(&dd,&mon,&yy);
  23   2          cmd(0x80);
  24   2          lcd_time_display(ss,mm,hh);
  25   2          cmd(0xc0);
  26   2          lcd_date_display(dd,mon,yy);
  27   2          delay(500);
  28   2          
  29   2          
  30   2        }
  31   1        
  32   1      }
  33          


MODULE INFORMATION:   STATIC OVERLAYABLE
   CODE SIZE        =     97    ----
   CONSTANT SIZE    =   ----    ----
   XDATA SIZE       =   ----    ----
   PDATA SIZE       =   ----    ----
   DATA SIZE        =   ----       6
   IDATA SIZE       =   ----    ----
   BIT SIZE         =   ----    ----
END OF MODULE INFORMATION.


C51 COMPILATION COMPLETE.  0 WARNING(S),  0 ERROR(S)
