C51 COMPILER V9.60.7.0   UART                                                              02/22/2025 11:17:15 PAGE 1   


C51 COMPILER V9.60.7.0, COMPILATION OF MODULE UART
OBJECT MODULE PLACED IN .\Objects\uart.obj
COMPILER INVOKED BY: C:\Keil_v5\C51\BIN\C51.EXE uart.c OPTIMIZE(8,SPEED) BROWSE DEBUG OBJECTEXTEND PRINT(.\Listings\uart
                    -.lst) TABS(2) OBJECT(.\Objects\uart.obj)

line level    source

   1          #include<reg51.h>
   2          #include "lcd.h"
   3          unsigned char mybyte;
   4          
   5          void write()
   6          {
   7   1        TMOD=0x20;
   8   1        TH1=0xFD;
   9   1        SCON=0x50;
  10   1        TR1=1;
  11   1        while(1)
  12   1        {
  13   2          while(RI==0);
  14   2          mybyte=SBUF;
  15   2          P1=mybyte;
  16   2          
  17   2          switch(mybyte)
  18   2          {
  19   3            case 0x0d:  //enter press
  20   3              cmd(0xc0);
  21   3              break;
  22   3            case 0x08:  // back space is pressed
  23   3              cmd(0x04);
  24   3              dat(0x20); // to clear 1 character
  25   3              cmd(0x06);
  26   3              break;
  27   3            case 0x2e: // delete is pres
  28   3              cmd(0x01);
  29   3              break;
  30   3            default:
  31   3              dat(mybyte);
  32   3              break;
  33   3          }
  34   2          RI=0;
  35   2        }
  36   1      }
  37          
  38          
  39          
  40          
  41          void init_uart()
  42          {
  43   1        cmd(0x28);// 4 bitchar
  44   1        cmd(0x01); //clear screan
  45   1        cmd(0x0A); // display off cursor on
  46   1        cmd(0x06); //increment cursor to righit
  47   1        cmd(0x80); // force cursor to begin first line
  48   1      }


MODULE INFORMATION:   STATIC OVERLAYABLE
   CODE SIZE        =     93    ----
   CONSTANT SIZE    =   ----    ----
   XDATA SIZE       =   ----    ----
C51 COMPILER V9.60.7.0   UART                                                              02/22/2025 11:17:15 PAGE 2   

   PDATA SIZE       =   ----    ----
   DATA SIZE        =      1    ----
   IDATA SIZE       =   ----    ----
   BIT SIZE         =   ----    ----
END OF MODULE INFORMATION.


C51 COMPILATION COMPLETE.  0 WARNING(S),  0 ERROR(S)
